Compiling the Fortran compiler identification source file "CMakeFortranCompilerId.F" failed.
Compiler: CMAKE_Fortran_COMPILER-NOTFOUND 
Build flags: 
Id flags: -v

The output was:
The system cannot find the file specified


Compiling the Fortran compiler identification source file "CMakeFortranCompilerId.F" failed.
Compiler: CMAKE_Fortran_COMPILER-NOTFOUND 
Build flags: 
Id flags: 

The output was:
The system cannot find the file specified


Compiling the Fortran compiler identification source file "CMakeFortranCompilerId.F" failed.
Compiler: CMAKE_Fortran_COMPILER-NOTFOUND 
Build flags: 
Id flags: -c

The output was:
The system cannot find the file specified


Compiling the Fortran compiler identification source file "CMakeFortranCompilerId.F" failed.
Compiler: CMAKE_Fortran_COMPILER-NOTFOUND 
Build flags: 
Id flags: -fpp

The output was:
The system cannot find the file specified


Compiling the Fortran compiler identification source file "CMakeFortranCompilerId.F" failed.
Compiler: CMAKE_Fortran_COMPILER-NOTFOUND 
Build flags: 
Id flags: -v

The output was:
The system cannot find the file specified


Compiling the Fortran compiler identification source file "CMakeFortranCompilerId.F" failed.
Compiler: CMAKE_Fortran_COMPILER-NOTFOUND 
Build flags: 
Id flags: 

The output was:
The system cannot find the file specified


Compiling the Fortran compiler identification source file "CMakeFortranCompilerId.F" failed.
Compiler: CMAKE_Fortran_COMPILER-NOTFOUND 
Build flags: 
Id flags: -c

The output was:
The system cannot find the file specified


Compiling the Fortran compiler identification source file "CMakeFortranCompilerId.F" failed.
Compiler: CMAKE_Fortran_COMPILER-NOTFOUND 
Build flags: 
Id flags: -fpp

The output was:
The system cannot find the file specified


Compiling the Fortran compiler identification source file "CMakeFortranCompilerId.F" failed.
Compiler: CMAKE_Fortran_COMPILER-NOTFOUND 
Build flags: 
Id flags: -v

The output was:
The system cannot find the file specified


Compiling the Fortran compiler identification source file "CMakeFortranCompilerId.F" failed.
Compiler: CMAKE_Fortran_COMPILER-NOTFOUND 
Build flags: 
Id flags: 

The output was:
The system cannot find the file specified


Compiling the Fortran compiler identification source file "CMakeFortranCompilerId.F" failed.
Compiler: CMAKE_Fortran_COMPILER-NOTFOUND 
Build flags: 
Id flags: -c

The output was:
The system cannot find the file specified


Compiling the Fortran compiler identification source file "CMakeFortranCompilerId.F" failed.
Compiler: CMAKE_Fortran_COMPILER-NOTFOUND 
Build flags: 
Id flags: -fpp

The output was:
The system cannot find the file specified


Compiling the Fortran compiler identification source file "CMakeFortranCompilerId.F" failed.
Compiler: CMAKE_Fortran_COMPILER-NOTFOUND 
Build flags: 
Id flags: -v

The output was:
The system cannot find the file specified


Compiling the Fortran compiler identification source file "CMakeFortranCompilerId.F" failed.
Compiler: CMAKE_Fortran_COMPILER-NOTFOUND 
Build flags: 
Id flags: 

The output was:
The system cannot find the file specified


Compiling the Fortran compiler identification source file "CMakeFortranCompilerId.F" failed.
Compiler: CMAKE_Fortran_COMPILER-NOTFOUND 
Build flags: 
Id flags: -c

The output was:
The system cannot find the file specified


Compiling the Fortran compiler identification source file "CMakeFortranCompilerId.F" failed.
Compiler: CMAKE_Fortran_COMPILER-NOTFOUND 
Build flags: 
Id flags: -fpp

The output was:
The system cannot find the file specified


Determining if the Fortran compiler works failed with the following output:
Change Dir: C:/Users/Johan/Documents/GitHub/C-Example-BLAS_Test_1/lapack-3.6.1/CMakeFiles/CMakeTmp

Run Build Command:"nmake" "/NOLOGO" "cmTC_511ee\fast"

Generator: execution of make failed. Make command was: "nmake" "/NOLOGO" "cmTC_511ee\fast"


Determining if the Fortran compiler works failed with the following output:
Change Dir: C:/Users/Johan/Documents/GitHub/C-Example-BLAS_Test_1/lapack-3.6.1/CMakeFiles/CMakeTmp

Run Build Command:"nmake" "/NOLOGO" "cmTC_f47ce\fast"

Generator: execution of make failed. Make command was: "nmake" "/NOLOGO" "cmTC_f47ce\fast"


