The system is: Windows - 10.0.14393 - AMD64
Compiling the Fortran compiler identification source file "CMakeFortranCompilerId.F" succeeded.
Compiler: C:/TDM-GCC-64/bin/gfortran.exe 
Build flags: 
Id flags: -v

The output was:
0
Driving: C:/TDM-GCC-64/bin/gfortran.exe -v CMakeFortranCompilerId.F -l gfortran -shared-libgcc
Using built-in specs.
COLLECT_GCC=C:/TDM-GCC-64/bin/gfortran.exe
COLLECT_LTO_WRAPPER=C:/TDM-GCC-64/bin/../libexec/gcc/x86_64-w64-mingw32/5.1.0/lto-wrapper.exe
Target: x86_64-w64-mingw32
Configured with: ../../../src/gcc-5.1.0/configure --build=x86_64-w64-mingw32 --enable-targets=all --enable-languages=ada,c,c++,fortran,lto,objc,obj-c++ --enable-libgomp --enable-lto --enable-graphite --enable-cxx-flags=-DWINPTHREAD_STATIC --disable-build-with-cxx --disable-build-poststage1-with-cxx --enable-libstdcxx-debug --enable-threads=posix --enable-version-specific-runtime-libs --enable-fully-dynamic-string --enable-libstdcxx-threads --enable-libstdcxx-time --with-gnu-ld --disable-werror --disable-nls --disable-win32-registry --prefix=/mingw64tdm --with-local-prefix=/mingw64tdm --with-pkgversion=tdm64-1 --with-bugurl=http://tdm-gcc.tdragon.net/bugs
Thread model: posix
gcc version 5.1.0 (tdm64-1) 
COLLECT_GCC_OPTIONS='-v' '-shared-libgcc' '-mtune=generic' '-march=x86-64'
 C:/TDM-GCC-64/bin/../libexec/gcc/x86_64-w64-mingw32/5.1.0/f951.exe CMakeFortranCompilerId.F -ffixed-form -cpp=C:\Users\Johan\AppData\Local\Temp\ccylIqn2.f90 -quiet -v -iprefix C:/TDM-GCC-64/bin/../lib/gcc/x86_64-w64-mingw32/5.1.0/ -D_REENTRANT CMakeFortranCompilerId.F -quiet -dumpbase CMakeFortranCompilerId.F -mtune=generic -march=x86-64 -auxbase CMakeFortranCompilerId -version -fintrinsic-modules-path C:/TDM-GCC-64/bin/../lib/gcc/x86_64-w64-mingw32/5.1.0/finclude -o C:\Users\Johan\AppData\Local\Temp\ccWwgHAU.s
GNU Fortran (tdm64-1) version 5.1.0 (x86_64-w64-mingw32)
	compiled by GNU C version 5.1.0, GMP version 4.3.2, MPFR version 2.4.2, MPC version 0.8.2
GGC heuristics: --param ggc-min-expand=100 --param ggc-min-heapsize=131072
ignoring duplicate directory "C:/TDM-GCC-64/lib/gcc/../../lib/gcc/x86_64-w64-mingw32/5.1.0/include"
ignoring duplicate directory "C:/TDM-GCC-64/lib/gcc/../../lib/gcc/x86_64-w64-mingw32/5.1.0/../../../../include"
ignoring duplicate directory "C:/TDM-GCC-64/lib/gcc/../../lib/gcc/x86_64-w64-mingw32/5.1.0/include-fixed"
ignoring duplicate directory "C:/TDM-GCC-64/lib/gcc/../../lib/gcc/x86_64-w64-mingw32/5.1.0/../../../../x86_64-w64-mingw32/include"
#include "..." search starts here:
#include <...> search starts here:
 C:/TDM-GCC-64/bin/../lib/gcc/x86_64-w64-mingw32/5.1.0/finclude
 C:/TDM-GCC-64/bin/../lib/gcc/x86_64-w64-mingw32/5.1.0/include
 C:/TDM-GCC-64/bin/../lib/gcc/x86_64-w64-mingw32/5.1.0/../../../../include
 C:/TDM-GCC-64/bin/../lib/gcc/x86_64-w64-mingw32/5.1.0/include-fixed
 C:/TDM-GCC-64/bin/../lib/gcc/x86_64-w64-mingw32/5.1.0/../../../../x86_64-w64-mingw32/include
End of search list.
GNU Fortran2008 (tdm64-1) version 5.1.0 (x86_64-w64-mingw32)
	compiled by GNU C version 5.1.0, GMP version 4.3.2, MPFR version 2.4.2, MPC version 0.8.2
GGC heuristics: --param ggc-min-expand=100 --param ggc-min-heapsize=131072
COLLECT_GCC_OPTIONS='-v' '-shared-libgcc' '-mtune=generic' '-march=x86-64'
 C:/TDM-GCC-64/bin/../lib/gcc/x86_64-w64-mingw32/5.1.0/../../../../x86_64-w64-mingw32/bin/as.exe -v -o C:\Users\Johan\AppData\Local\Temp\ccaBXwzP.o C:\Users\Johan\AppData\Local\Temp\ccWwgHAU.s
GNU assembler version 2.25 (x86_64-w64-mingw32) using BFD version (GNU Binutils) 2.25
Reading specs from C:/TDM-GCC-64/bin/../lib/gcc/x86_64-w64-mingw32/5.1.0/libgfortran.spec
rename spec lib to liborig
COLLECT_GCC_OPTIONS='-v' '-shared-libgcc' '-mtune=generic' '-march=x86-64'
COMPILER_PATH=C:/TDM-GCC-64/bin/../libexec/gcc/x86_64-w64-mingw32/5.1.0/;C:/TDM-GCC-64/bin/../libexec/gcc/;C:/TDM-GCC-64/bin/../lib/gcc/x86_64-w64-mingw32/5.1.0/../../../../x86_64-w64-mingw32/bin/
LIBRARY_PATH=C:/TDM-GCC-64/bin/../lib/gcc/x86_64-w64-mingw32/5.1.0/;C:/TDM-GCC-64/bin/../lib/gcc/;C:/TDM-GCC-64/bin/../lib/gcc/x86_64-w64-mingw32/5.1.0/../../../../x86_64-w64-mingw32/lib/../lib/;C:/TDM-GCC-64/bin/../lib/gcc/x86_64-w64-mingw32/5.1.0/../../../../lib/;C:/TDM-GCC-64/bin/../lib/gcc/x86_64-w64-mingw32/5.1.0/../../../../x86_64-w64-mingw32/lib/;C:/TDM-GCC-64/bin/../lib/gcc/x86_64-w64-mingw32/5.1.0/../../../
COLLECT_GCC_OPTIONS='-v' '-shared-libgcc' '-mtune=generic' '-march=x86-64'
 C:/TDM-GCC-64/bin/../libexec/gcc/x86_64-w64-mingw32/5.1.0/collect2.exe -plugin C:/TDM-GCC-64/bin/../libexec/gcc/x86_64-w64-mingw32/5.1.0/liblto_plugin-0.dll -plugin-opt=C:/TDM-GCC-64/bin/../libexec/gcc/x86_64-w64-mingw32/5.1.0/lto-wrapper.exe -plugin-opt=-fresolution=C:\Users\Johan\AppData\Local\Temp\ccCGf10N.res -plugin-opt=-pass-through=-lmingw32 -plugin-opt=-pass-through=-lgcc_s -plugin-opt=-pass-through=-lgcc -plugin-opt=-pass-through=-lmoldname -plugin-opt=-pass-through=-lmingwex -plugin-opt=-pass-through=-lmsvcrt -plugin-opt=-pass-through=-lquadmath -plugin-opt=-pass-through=-lm -plugin-opt=-pass-through=-lmingw32 -plugin-opt=-pass-through=-lgcc_s -plugin-opt=-pass-through=-lgcc -plugin-opt=-pass-through=-lmoldname -plugin-opt=-pass-through=-lmingwex -plugin-opt=-pass-through=-lmsvcrt -plugin-opt=-pass-through=-lpthread -plugin-opt=-pass-through=-ladvapi32 -plugin-opt=-pass-through=-lshell32 -plugin-opt=-pass-through=-luser32 -plugin-opt=-pass-through=-lkernel32 -plugin-opt=-pass-through=-lmingw32 -plugin-opt=-pass-through=-lgcc_s -plugin-opt=-pass-through=-lgcc -plugin-opt=-pass-through=-lmoldname -plugin-opt=-pass-through=-lmingwex -plugin-opt=-pass-through=-lmsvcrt -m i386pep --exclude-libs=libpthread.a -Bdynamic C:/TDM-GCC-64/bin/../lib/gcc/x86_64-w64-mingw32/5.1.0/../../../../x86_64-w64-mingw32/lib/../lib/crt2.o C:/TDM-GCC-64/bin/../lib/gcc/x86_64-w64-mingw32/5.1.0/crtbegin.o -LC:/TDM-GCC-64/bin/../lib/gcc/x86_64-w64-mingw32/5.1.0 -LC:/TDM-GCC-64/bin/../lib/gcc -LC:/TDM-GCC-64/bin/../lib/gcc/x86_64-w64-mingw32/5.1.0/../../../../x86_64-w64-mingw32/lib/../lib -LC:/TDM-GCC-64/bin/../lib/gcc/x86_64-w64-mingw32/5.1.0/../../../../lib -LC:/TDM-GCC-64/bin/../lib/gcc/x86_64-w64-mingw32/5.1.0/../../../../x86_64-w64-mingw32/lib -LC:/TDM-GCC-64/bin/../lib/gcc/x86_64-w64-mingw32/5.1.0/../../.. C:\Users\Johan\AppData\Local\Temp\ccaBXwzP.o -lgfortran -lmingw32 -lgcc_s --undefined=___deregister_frame_info --undefined=___register_frame_info -lgcc -lmoldname -lmingwex -lmsvcrt -lquadmath -lm -lmingw32 -lgcc_s --undefined=___deregister_frame_info --undefined=___register_frame_info -lgcc -lmoldname -lmingwex -lmsvcrt -lpthread -ladvapi32 -lshell32 -luser32 -lkernel32 -lmingw32 -lgcc_s --undefined=___deregister_frame_info --undefined=___register_frame_info -lgcc -lmoldname -lmingwex -lmsvcrt C:/TDM-GCC-64/bin/../lib/gcc/x86_64-w64-mingw32/5.1.0/crtend.o


Compilation of the Fortran compiler identification source "CMakeFortranCompilerId.F" produced "a.exe"

The Fortran compiler identification is GNU, found in "C:/Users/Johan/Documents/GitHub/C-Example-BLAS_Test_1/lapack-3.6.1/CMakeFiles/3.7.0-rc1/CompilerIdFortran/a.exe"

Compiling the Fortran compiler identification source file "CMakeFortranCompilerId.F" succeeded.
Compiler: C:/TDM-GCC-64/bin/gfortran.exe 
Build flags: 
Id flags: -v

The output was:
0
Driving: C:/TDM-GCC-64/bin/gfortran.exe -v CMakeFortranCompilerId.F -l gfortran -shared-libgcc
Using built-in specs.
COLLECT_GCC=C:/TDM-GCC-64/bin/gfortran.exe
COLLECT_LTO_WRAPPER=C:/TDM-GCC-64/bin/../libexec/gcc/x86_64-w64-mingw32/5.1.0/lto-wrapper.exe
Target: x86_64-w64-mingw32
Configured with: ../../../src/gcc-5.1.0/configure --build=x86_64-w64-mingw32 --enable-targets=all --enable-languages=ada,c,c++,fortran,lto,objc,obj-c++ --enable-libgomp --enable-lto --enable-graphite --enable-cxx-flags=-DWINPTHREAD_STATIC --disable-build-with-cxx --disable-build-poststage1-with-cxx --enable-libstdcxx-debug --enable-threads=posix --enable-version-specific-runtime-libs --enable-fully-dynamic-string --enable-libstdcxx-threads --enable-libstdcxx-time --with-gnu-ld --disable-werror --disable-nls --disable-win32-registry --prefix=/mingw64tdm --with-local-prefix=/mingw64tdm --with-pkgversion=tdm64-1 --with-bugurl=http://tdm-gcc.tdragon.net/bugs
Thread model: posix
gcc version 5.1.0 (tdm64-1) 
COLLECT_GCC_OPTIONS='-v' '-shared-libgcc' '-mtune=generic' '-march=x86-64'
 C:/TDM-GCC-64/bin/../libexec/gcc/x86_64-w64-mingw32/5.1.0/f951.exe CMakeFortranCompilerId.F -ffixed-form -cpp=C:\Users\Johan\AppData\Local\Temp\ccR1NVDH.f90 -quiet -v -iprefix C:/TDM-GCC-64/bin/../lib/gcc/x86_64-w64-mingw32/5.1.0/ -D_REENTRANT CMakeFortranCompilerId.F -quiet -dumpbase CMakeFortranCompilerId.F -mtune=generic -march=x86-64 -auxbase CMakeFortranCompilerId -version -fintrinsic-modules-path C:/TDM-GCC-64/bin/../lib/gcc/x86_64-w64-mingw32/5.1.0/finclude -o C:\Users\Johan\AppData\Local\Temp\ccen2Xpi.s
GNU Fortran (tdm64-1) version 5.1.0 (x86_64-w64-mingw32)
	compiled by GNU C version 5.1.0, GMP version 4.3.2, MPFR version 2.4.2, MPC version 0.8.2
GGC heuristics: --param ggc-min-expand=100 --param ggc-min-heapsize=131072
ignoring duplicate directory "C:/TDM-GCC-64/lib/gcc/../../lib/gcc/x86_64-w64-mingw32/5.1.0/include"
ignoring duplicate directory "C:/TDM-GCC-64/lib/gcc/../../lib/gcc/x86_64-w64-mingw32/5.1.0/../../../../include"
ignoring duplicate directory "C:/TDM-GCC-64/lib/gcc/../../lib/gcc/x86_64-w64-mingw32/5.1.0/include-fixed"
ignoring duplicate directory "C:/TDM-GCC-64/lib/gcc/../../lib/gcc/x86_64-w64-mingw32/5.1.0/../../../../x86_64-w64-mingw32/include"
#include "..." search starts here:
#include <...> search starts here:
 C:/TDM-GCC-64/bin/../lib/gcc/x86_64-w64-mingw32/5.1.0/finclude
 C:/TDM-GCC-64/bin/../lib/gcc/x86_64-w64-mingw32/5.1.0/include
 C:/TDM-GCC-64/bin/../lib/gcc/x86_64-w64-mingw32/5.1.0/../../../../include
 C:/TDM-GCC-64/bin/../lib/gcc/x86_64-w64-mingw32/5.1.0/include-fixed
 C:/TDM-GCC-64/bin/../lib/gcc/x86_64-w64-mingw32/5.1.0/../../../../x86_64-w64-mingw32/include
End of search list.
GNU Fortran2008 (tdm64-1) version 5.1.0 (x86_64-w64-mingw32)
	compiled by GNU C version 5.1.0, GMP version 4.3.2, MPFR version 2.4.2, MPC version 0.8.2
GGC heuristics: --param ggc-min-expand=100 --param ggc-min-heapsize=131072
COLLECT_GCC_OPTIONS='-v' '-shared-libgcc' '-mtune=generic' '-march=x86-64'
 C:/TDM-GCC-64/bin/../lib/gcc/x86_64-w64-mingw32/5.1.0/../../../../x86_64-w64-mingw32/bin/as.exe -v -o C:\Users\Johan\AppData\Local\Temp\ccvFQcpV.o C:\Users\Johan\AppData\Local\Temp\ccen2Xpi.s
GNU assembler version 2.25 (x86_64-w64-mingw32) using BFD version (GNU Binutils) 2.25
Reading specs from C:/TDM-GCC-64/bin/../lib/gcc/x86_64-w64-mingw32/5.1.0/libgfortran.spec
rename spec lib to liborig
COLLECT_GCC_OPTIONS='-v' '-shared-libgcc' '-mtune=generic' '-march=x86-64'
COMPILER_PATH=C:/TDM-GCC-64/bin/../libexec/gcc/x86_64-w64-mingw32/5.1.0/;C:/TDM-GCC-64/bin/../libexec/gcc/;C:/TDM-GCC-64/bin/../lib/gcc/x86_64-w64-mingw32/5.1.0/../../../../x86_64-w64-mingw32/bin/
LIBRARY_PATH=C:/TDM-GCC-64/bin/../lib/gcc/x86_64-w64-mingw32/5.1.0/;C:/TDM-GCC-64/bin/../lib/gcc/;C:/TDM-GCC-64/bin/../lib/gcc/x86_64-w64-mingw32/5.1.0/../../../../x86_64-w64-mingw32/lib/../lib/;C:/TDM-GCC-64/bin/../lib/gcc/x86_64-w64-mingw32/5.1.0/../../../../lib/;C:/TDM-GCC-64/bin/../lib/gcc/x86_64-w64-mingw32/5.1.0/../../../../x86_64-w64-mingw32/lib/;C:/TDM-GCC-64/bin/../lib/gcc/x86_64-w64-mingw32/5.1.0/../../../
COLLECT_GCC_OPTIONS='-v' '-shared-libgcc' '-mtune=generic' '-march=x86-64'
 C:/TDM-GCC-64/bin/../libexec/gcc/x86_64-w64-mingw32/5.1.0/collect2.exe -plugin C:/TDM-GCC-64/bin/../libexec/gcc/x86_64-w64-mingw32/5.1.0/liblto_plugin-0.dll -plugin-opt=C:/TDM-GCC-64/bin/../libexec/gcc/x86_64-w64-mingw32/5.1.0/lto-wrapper.exe -plugin-opt=-fresolution=C:\Users\Johan\AppData\Local\Temp\cc4Y2tKy.res -plugin-opt=-pass-through=-lmingw32 -plugin-opt=-pass-through=-lgcc_s -plugin-opt=-pass-through=-lgcc -plugin-opt=-pass-through=-lmoldname -plugin-opt=-pass-through=-lmingwex -plugin-opt=-pass-through=-lmsvcrt -plugin-opt=-pass-through=-lquadmath -plugin-opt=-pass-through=-lm -plugin-opt=-pass-through=-lmingw32 -plugin-opt=-pass-through=-lgcc_s -plugin-opt=-pass-through=-lgcc -plugin-opt=-pass-through=-lmoldname -plugin-opt=-pass-through=-lmingwex -plugin-opt=-pass-through=-lmsvcrt -plugin-opt=-pass-through=-lpthread -plugin-opt=-pass-through=-ladvapi32 -plugin-opt=-pass-through=-lshell32 -plugin-opt=-pass-through=-luser32 -plugin-opt=-pass-through=-lkernel32 -plugin-opt=-pass-through=-lmingw32 -plugin-opt=-pass-through=-lgcc_s -plugin-opt=-pass-through=-lgcc -plugin-opt=-pass-through=-lmoldname -plugin-opt=-pass-through=-lmingwex -plugin-opt=-pass-through=-lmsvcrt -m i386pep --exclude-libs=libpthread.a -Bdynamic C:/TDM-GCC-64/bin/../lib/gcc/x86_64-w64-mingw32/5.1.0/../../../../x86_64-w64-mingw32/lib/../lib/crt2.o C:/TDM-GCC-64/bin/../lib/gcc/x86_64-w64-mingw32/5.1.0/crtbegin.o -LC:/TDM-GCC-64/bin/../lib/gcc/x86_64-w64-mingw32/5.1.0 -LC:/TDM-GCC-64/bin/../lib/gcc -LC:/TDM-GCC-64/bin/../lib/gcc/x86_64-w64-mingw32/5.1.0/../../../../x86_64-w64-mingw32/lib/../lib -LC:/TDM-GCC-64/bin/../lib/gcc/x86_64-w64-mingw32/5.1.0/../../../../lib -LC:/TDM-GCC-64/bin/../lib/gcc/x86_64-w64-mingw32/5.1.0/../../../../x86_64-w64-mingw32/lib -LC:/TDM-GCC-64/bin/../lib/gcc/x86_64-w64-mingw32/5.1.0/../../.. C:\Users\Johan\AppData\Local\Temp\ccvFQcpV.o -lgfortran -lmingw32 -lgcc_s --undefined=___deregister_frame_info --undefined=___register_frame_info -lgcc -lmoldname -lmingwex -lmsvcrt -lquadmath -lm -lmingw32 -lgcc_s --undefined=___deregister_frame_info --undefined=___register_frame_info -lgcc -lmoldname -lmingwex -lmsvcrt -lpthread -ladvapi32 -lshell32 -luser32 -lkernel32 -lmingw32 -lgcc_s --undefined=___deregister_frame_info --undefined=___register_frame_info -lgcc -lmoldname -lmingwex -lmsvcrt C:/TDM-GCC-64/bin/../lib/gcc/x86_64-w64-mingw32/5.1.0/crtend.o


Compilation of the Fortran compiler identification source "CMakeFortranCompilerId.F" produced "a.exe"

The Fortran compiler identification is GNU, found in "C:/Users/Johan/Documents/GitHub/C-Example-BLAS_Test_1/lapack-3.6.1/CMakeFiles/3.7.0-rc1/CompilerIdFortran/a.exe"

